Change Component Designator: Old Designator=C14 New Designator=C5
Change Component Designator: Old Designator=C15 New Designator=C16
Change Component Designator: Old Designator=C17 New Designator=C15
Change Component Designator: Old Designator=J4 New Designator=J2
Change Component Designator: Old Designator=J4 New Designator=J3
Change Component Designator: Old Designator=J6 New Designator=J1
Change Component Designator: Old Designator=L1 New Designator=L2
Change Component Designator: Old Designator=L2 New Designator=L1
Change Component Designator: Old Designator=R3 New Designator=R1
Change Component Designator: Old Designator=R7 New Designator=R9
Change Component Designator: Old Designator=R9 New Designator=R11
Change Component Designator: Old Designator=R10 New Designator=R5
Change Component Designator: Old Designator=R12 New Designator=R15
Change Component Designator: Old Designator=R17 New Designator=R16
Change Component Designator: Old Designator=R18 New Designator=R3
Change Component Designator: Old Designator=R20 New Designator=R13
Change Component Designator: Old Designator=R21 New Designator=R14
Change Component Designator: Old Designator=R23 New Designator=R12
Change Component Designator: Old Designator=R24 New Designator=R8
Change Component Designator: Old Designator=R25 New Designator=R7
Change Component Designator: Old Designator=R26 New Designator=R10
Change Component Designator: Old Designator=S1 New Designator=S2
Change Component Designator: Old Designator=S2 New Designator=S1
